<?xml version="1.0" encoding="UTF-8"?>
<!-- Generated by org.testng.reporters.JUnitReportReporter -->
<testsuite hostname="LTIN230941" failures="0" tests="7" name="testCases.TC_002_Surgeries" time="13.375" errors="0" timestamp="2024-02-06T16:28:55 IST" skipped="0">
  <testcase classname="testCases.TC_002_Surgeries" name="topSurgeries" time="4.019"/>
  <testcase classname="testCases.TC_002_Surgeries" name="generalSurgeries" time="1.469"/>
  <testcase classname="testCases.TC_002_Surgeries" name="practologySurgeries" time="1.556"/>
  <testcase classname="testCases.TC_002_Surgeries" name="orthopedicSurgeries" time="1.575"/>
  <testcase classname="testCases.TC_002_Surgeries" name="ophtomologySurgeries" time="1.538"/>
  <testcase classname="testCases.TC_002_Surgeries" name="urologySurgeries" time="1.686"/>
  <testcase classname="testCases.TC_002_Surgeries" name="cosmeticSurgeries" time="1.532"/>
</testsuite> <!-- testCases.TC_002_Surgeries -->
