<?xml version="1.0" encoding="UTF-8"?>
<!-- Generated by org.testng.reporters.JUnitReportReporter -->
<testsuite hostname="LTIN230941" failures="0" tests="7" name="testCases.TC_002_Surgeries" time="11.082" errors="0" timestamp="2024-02-12T09:39:52 IST" skipped="0">
  <testcase classname="testCases.TC_002_Surgeries" name="topSurgeries" time="4.809"/>
  <testcase classname="testCases.TC_002_Surgeries" name="generalSurgeries" time="1.232"/>
  <testcase classname="testCases.TC_002_Surgeries" name="orthopedicSurgeries" time="1.124"/>
  <testcase classname="testCases.TC_002_Surgeries" name="practologySurgeries" time="0.874"/>
  <testcase classname="testCases.TC_002_Surgeries" name="ophtomologySurgeries" time="1.066"/>
  <testcase classname="testCases.TC_002_Surgeries" name="urologySurgeries" time="1.149"/>
  <testcase classname="testCases.TC_002_Surgeries" name="cosmeticSurgeries" time="0.828"/>
</testsuite> <!-- testCases.TC_002_Surgeries -->
