<?xml version="1.0" encoding="UTF-8"?>
<!-- Generated by org.testng.reporters.JUnitReportReporter -->
<testsuite hostname="LTIN230941" failures="0" tests="7" name="testCases.TC_002_Surgeries" time="14.648" errors="0" timestamp="2024-02-13T10:01:27 IST" skipped="0">
  <testcase classname="testCases.TC_002_Surgeries" name="topSurgeries" time="6.427"/>
  <testcase classname="testCases.TC_002_Surgeries" name="generalSurgeries" time="1.488"/>
  <testcase classname="testCases.TC_002_Surgeries" name="practologySurgeries" time="1.291"/>
  <testcase classname="testCases.TC_002_Surgeries" name="orthopedicSurgeries" time="1.294"/>
  <testcase classname="testCases.TC_002_Surgeries" name="ophtomologySurgeries" time="1.211"/>
  <testcase classname="testCases.TC_002_Surgeries" name="urologySurgeries" time="1.593"/>
  <testcase classname="testCases.TC_002_Surgeries" name="cosmeticSurgeries" time="1.344"/>
</testsuite> <!-- testCases.TC_002_Surgeries -->
