<?xml version="1.0" encoding="UTF-8"?>
<!-- Generated by org.testng.reporters.JUnitReportReporter -->
<testsuite hostname="LTIN230941" failures="0" tests="7" name="testCases.TC_002_Surgeries" time="14.352" errors="0" timestamp="2024-02-12T11:25:12 IST" skipped="0">
  <testcase classname="testCases.TC_002_Surgeries" name="topSurgeries" time="5.286"/>
  <testcase classname="testCases.TC_002_Surgeries" name="generalSurgeries" time="1.168"/>
  <testcase classname="testCases.TC_002_Surgeries" name="practologySurgeries" time="1.578"/>
  <testcase classname="testCases.TC_002_Surgeries" name="orthopedicSurgeries" time="1.200"/>
  <testcase classname="testCases.TC_002_Surgeries" name="ophtomologySurgeries" time="1.851"/>
  <testcase classname="testCases.TC_002_Surgeries" name="urologySurgeries" time="1.893"/>
  <testcase classname="testCases.TC_002_Surgeries" name="cosmeticSurgeries" time="1.376"/>
</testsuite> <!-- testCases.TC_002_Surgeries -->
