<?xml version="1.0" encoding="UTF-8"?>
<!-- Generated by org.testng.reporters.JUnitReportReporter -->
<testsuite hostname="LTIN230941" failures="0" tests="2" name="testCases.TC_001_SearchingDentists" time="34.944" errors="0" timestamp="2024-02-12T09:39:52 IST" skipped="0">
  <testcase classname="testCases.TC_001_SearchingDentists" name="gettingDentists" time="24.667"/>
  <testcase classname="testCases.TC_001_SearchingDentists" name="searchingDentists" time="10.277"/>
</testsuite> <!-- testCases.TC_001_SearchingDentists -->
