<?xml version="1.0" encoding="UTF-8"?>
<!-- Generated by org.testng.reporters.JUnitReportReporter -->
<testsuite hostname="LTIN230941" failures="0" tests="1" name="testCases.TC_003_CorporateWellness_InvalidDetails" time="13.544" errors="0" timestamp="2024-02-06T16:28:55 IST" skipped="0">
  <testcase classname="testCases.TC_003_CorporateWellness_InvalidDetails" name="checkingInvalidDetails" time="13.544"/>
</testsuite> <!-- testCases.TC_003_CorporateWellness_InvalidDetails -->
