<?xml version="1.0" encoding="UTF-8"?>
<!-- Generated by org.testng.reporters.JUnitReportReporter -->
<testsuite hostname="LTIN230941" failures="0" tests="2" name="testCases.TC_001_SearchingDentists" time="86.912" errors="0" timestamp="2024-02-15T12:17:23 IST" skipped="0">
  <testcase classname="testCases.TC_001_SearchingDentists" name="gettingDentists" time="59.623"/>
  <testcase classname="testCases.TC_001_SearchingDentists" name="searchingDentists" time="27.289"/>
</testsuite> <!-- testCases.TC_001_SearchingDentists -->
