<?xml version="1.0" encoding="UTF-8"?>
<!-- Generated by org.testng.reporters.JUnitReportReporter -->
<testsuite hostname="LTIN230941" failures="0" tests="2" name="testCases.TC_001_SearchingDentists" time="37.808" errors="0" timestamp="2024-02-13T10:01:27 IST" skipped="0">
  <testcase classname="testCases.TC_001_SearchingDentists" name="gettingDentists" time="30.605"/>
  <testcase classname="testCases.TC_001_SearchingDentists" name="searchingDentists" time="7.203"/>
</testsuite> <!-- testCases.TC_001_SearchingDentists -->
