<?xml version="1.0" encoding="UTF-8"?>
<!-- Generated by org.testng.reporters.JUnitReportReporter -->
<testsuite hostname="LTIN230941" failures="0" tests="2" name="testCases.TC_001_SearchingDentists" time="40.273" errors="0" timestamp="2024-02-08T10:12:25 IST" skipped="0">
  <testcase classname="testCases.TC_001_SearchingDentists" name="gettingDentists" time="30.959"/>
  <testcase classname="testCases.TC_001_SearchingDentists" name="searchingDentists" time="9.314"/>
</testsuite> <!-- testCases.TC_001_SearchingDentists -->
