<?xml version="1.0" encoding="UTF-8"?>
<!-- Generated by org.testng.reporters.JUnitReportReporter -->
<testsuite hostname="LTIN230941" failures="0" tests="2" name="testCases.TC_001_SearchingDentists" time="32.795" errors="0" timestamp="2024-02-12T11:25:12 IST" skipped="0">
  <testcase classname="testCases.TC_001_SearchingDentists" name="gettingDentists" time="26.775"/>
  <testcase classname="testCases.TC_001_SearchingDentists" name="searchingDentists" time="6.020"/>
</testsuite> <!-- testCases.TC_001_SearchingDentists -->
