<?xml version="1.0" encoding="UTF-8"?>
<!-- Generated by org.testng.reporters.JUnitReportReporter -->
<testsuite hostname="LTIN230941" failures="0" tests="1" name="testCases.TC_003_CorporateWellness_ValidDetails" time="18.777" errors="0" timestamp="2024-02-12T09:41:31 IST" skipped="0">
  <testcase classname="testCases.TC_003_CorporateWellness_ValidDetails" name="checkingValidDetails" time="18.777"/>
</testsuite> <!-- testCases.TC_003_CorporateWellness_ValidDetails -->
