<?xml version="1.0" encoding="UTF-8"?>
<!-- Generated by org.testng.reporters.JUnitReportReporter -->
<testsuite hostname="LTIN230941" failures="0" tests="2" name="testCases.TC_001_SearchingDentists" time="71.438" errors="0" timestamp="2024-02-13T10:24:13 IST" skipped="0">
  <testcase classname="testCases.TC_001_SearchingDentists" name="gettingDentists" time="55.348"/>
  <testcase classname="testCases.TC_001_SearchingDentists" name="searchingDentists" time="16.090"/>
</testsuite> <!-- testCases.TC_001_SearchingDentists -->
