<?xml version="1.0" encoding="UTF-8"?>
<!-- Generated by org.testng.reporters.JUnitReportReporter -->
<testsuite hostname="LTIN230941" failures="0" tests="2" name="testCases.TC_001_SearchingDentists" time="55.072" errors="0" timestamp="2024-02-08T10:32:12 IST" skipped="0">
  <testcase classname="testCases.TC_001_SearchingDentists" name="gettingDentists" time="48.519"/>
  <testcase classname="testCases.TC_001_SearchingDentists" name="searchingDentists" time="6.553"/>
</testsuite> <!-- testCases.TC_001_SearchingDentists -->
