<?xml version="1.0" encoding="UTF-8"?>
<!-- Generated by org.testng.reporters.JUnitReportReporter -->
<testsuite hostname="LTIN230941" failures="0" tests="7" name="testCases.TC_002_Surgeries" time="19.012" errors="0" timestamp="2024-02-08T10:32:12 IST" skipped="0">
  <testcase classname="testCases.TC_002_Surgeries" name="topSurgeries" time="10.186"/>
  <testcase classname="testCases.TC_002_Surgeries" name="generalSurgeries" time="1.641"/>
  <testcase classname="testCases.TC_002_Surgeries" name="practologySurgeries" time="1.400"/>
  <testcase classname="testCases.TC_002_Surgeries" name="orthopedicSurgeries" time="1.568"/>
  <testcase classname="testCases.TC_002_Surgeries" name="ophtomologySurgeries" time="1.478"/>
  <testcase classname="testCases.TC_002_Surgeries" name="urologySurgeries" time="1.364"/>
  <testcase classname="testCases.TC_002_Surgeries" name="cosmeticSurgeries" time="1.375"/>
</testsuite> <!-- testCases.TC_002_Surgeries -->
